=================================================================
  PP-OCRv4 rec FP32 vs INT8 Quantization Comparison
=================================================================

>>> Loading FP32 model ...

  [FP32] photo_1.jpg
    -> 45条 | 均值=0.676 | det=0.60s cls=0.08s rec=0.60s total=1.30s
       1. 1920x1080·1E行站1wPC [0.73]
       2. CPU:2%RAM:S8%APP:137ME [0.92]
       3. Fhctoa！o [0.65]
       4. SPACE:shotQ:quit [0.85]
       5. 上要指性成分或成份中列出的任何賦形利這被者禁 [0.70]
       6. 田 [0.57]
       7. 蓮酒+250保存. [0.53]
       8. 3、急性面適感裝者禁用 [0.78]
       9. 金水泡眼包裝.10液/盒.3粒/盒3 [0.56]
       10. 4、年禁少於67月的麵葉用 [0.57]
       11. 商期 [0.54]
       12. 在場堂與息包裝內保存，有效爾方60月。 [0.58]
       ... +33 more

  [FP32] 细菌溶解产物胶囊.jpg
    -> 17条 | 均值=0.899 | det=0.73s cls=0.02s rec=0.23s total=1.00s
       1. [禁忌) [0.85]
       2. 占付活性成份或成份中列出的任何賦形刻迂敏者禁 [0.90]
       3. 9 [0.75]
       4. 2、自身免疫性疾病患者禁用。
       5. 3、急性豚道感染者禁用。 [0.94]
       6. 4、年齡小於6介月的北童禁用 [0.93]
       7. 註意事項) [0.88]
       8. 1、如服用本品石出現高熱（39℃以上，孤立於病
       9. 史），特別在治狩牙始耐，垃停止使用本品，並咨淘匡 [0.89]
       10. 生。位基於喉部、鼻部或耳部痘狀送行判斷，熱型立 [0.94]
       11. 於原炭疾病引起的炭熱鑒別。 [0.87]
       12. 2、如有持繞胃肪、呼吸系統反座，垃停止使用本 [0.87]
       ... +5 more

  [FP32] 藿香正气水.jpg
    -> 12条 | 均值=0.688 | det=0.19s cls=0.06s rec=1.21s total=1.46s
       1. 元典
       2. 藿香正乞水說明甫 [0.83]
       3. 請仔鋼面漢說明井井接說明使用或在葡婦指異下南冥和使用 [0.71]
       4. 本品音生半疆 [0.88]
       5. 10本品佳州發生改華腳舞止進用 [0.58]
       6. 1如正在使用共也黃蟲，使用奉運前請替詢匯轉戰蒴彌 [0.57]
       7. 銷機樹基推通 [0.54]
       8. 典特概維！中口動典量200彈版一部 [0.59]
       9. 生寶地址日湖南蘭塹染井裝區 [0.56]
       10. 車理華神由42400 [0.59]
       11. 甜普母通售400-900-5120 [0.67]
       12. 情斯學碑：0731-2881578凈 [0.75]

>>> Loading INT8 model ...

  [INT8] photo_1.jpg
    -> 45条 | 均值=0.676 | det=0.53s cls=0.08s rec=0.66s total=1.30s
       1. 1920x1080·1E行站1wPC [0.73]
       2. CPU:2%RAM:S8%APP:137ME [0.92]
       3. Fhctoa！o [0.65]
       4. SPACE:shotQ:quit [0.85]
       5. 上要指性成分或成份中列出的任何賦形利這被者禁 [0.70]
       6. 田 [0.57]
       7. 蓮酒+250保存. [0.53]
       8. 3、急性面適感裝者禁用 [0.78]
       9. 金水泡眼包裝.10液/盒.3粒/盒3 [0.56]
       10. 4、年禁少於67月的麵葉用 [0.57]
       11. 商期 [0.54]
       12. 在場堂與息包裝內保存，有效爾方60月。 [0.58]
       ... +33 more

  [INT8] 细菌溶解产物胶囊.jpg
    -> 17条 | 均值=0.899 | det=0.66s cls=0.02s rec=0.24s total=0.94s
       1. [禁忌) [0.85]
       2. 占付活性成份或成份中列出的任何賦形刻迂敏者禁 [0.90]
       3. 9 [0.75]
       4. 2、自身免疫性疾病患者禁用。
       5. 3、急性豚道感染者禁用。 [0.94]
       6. 4、年齡小於6介月的北童禁用 [0.93]
       7. 註意事項) [0.88]
       8. 1、如服用本品石出現高熱（39℃以上，孤立於病
       9. 史），特別在治狩牙始耐，垃停止使用本品，並咨淘匡 [0.89]
       10. 生。位基於喉部、鼻部或耳部痘狀送行判斷，熱型立 [0.94]
       11. 於原炭疾病引起的炭熱鑒別。 [0.87]
       12. 2、如有持繞胃肪、呼吸系統反座，垃停止使用本 [0.87]
       ... +5 more

  [INT8] 藿香正气水.jpg
    -> 12条 | 均值=0.688 | det=0.24s cls=0.10s rec=1.54s total=1.89s
       1. 元典
       2. 藿香正乞水說明甫 [0.83]
       3. 請仔鋼面漢說明井井接說明使用或在葡婦指異下南冥和使用 [0.71]
       4. 本品音生半疆 [0.88]
       5. 10本品佳州發生改華腳舞止進用 [0.58]
       6. 1如正在使用共也黃蟲，使用奉運前請替詢匯轉戰蒴彌 [0.57]
       7. 銷機樹基推通 [0.54]
       8. 典特概維！中口動典量200彈版一部 [0.59]
       9. 生寶地址日湖南蘭塹染井裝區 [0.56]
       10. 車理華神由42400 [0.59]
       11. 甜普母通售400-900-5120 [0.67]
       12. 情斯學碑：0731-2881578凈 [0.75]


=================================================================
  SUMMARY TABLE
=================================================================
  Image              | FP32 count| FP32 score| INT8 count| INT8 score| rec speedup
  --------------------------------------------------------------
  photo_1.jpg       |      45   |   0.6755  |      45   |   0.6755  |  0.91x
  细菌溶解产物胶囊.jpg      |      17   |   0.8987  |      17   |   0.8987  |  0.97x
  藿香正气水.jpg         |      12   |   0.6880  |      12   |   0.6880  |  0.79x
  --------------------------------------------------------------

  TOTALS:
    Count:  FP32=74  vs  INT8=74  (diff: +0)
    Score:  FP32=0.7541  vs  INT8=0.7541  (loss: +0.0000)
    Rec:    FP32=2.05s  vs  INT8=2.44s  (speedup: 0.84x)
    Size:   FP32=10603KB  vs  INT8=10885KB  (103%)

  VERDICT:
    [!] Acceptable - minor accuracy loss for speed
=================================================================